
[[[系统日志]]]
[2018/4/10 10:12:21]
[线程：1]
    系统启动

[[[系统日志]]]
[2018/4/10 10:48:44]
[线程：1]
    系统启动

[[[系统日志]]]
[2018/4/10 11:54:15]
[线程：1]
    系统启动

[[[系统日志]]]
[2018/4/10 13:55:47]
[线程：1]
    系统启动

[[[ErrorJsonResultException]]]
[4/10/2018 1:56:31 PM]
[线程：6]
    ErrorJsonResultException
    AccessTokenOrAppId：null
    URL：https://api.weixin.qq.com/sns/oauth2/access_token?appid=wxdbf6bce67d3b6ab1&secret=ecb6f87a25c07f9d6775809410d2a0e3&code=&grant_type=authorization_code
    errcode：缺少oauth_code
    errmsg：missing code, hints: [ req_id: y2A6TA0790th19 ]

[[[系统日志]]]
[2018/4/10 13:57:30]
[线程：1]
    系统启动

[[[系统日志]]]
[2018/4/10 14:12:38]
[线程：1]
    系统启动

[[[系统日志]]]
[2018/4/10 14:42:50]
[线程：1]
    系统启动

[[[系统日志]]]
[2018/4/10 14:50:21]
[线程：1]
    系统启动

[[[系统日志]]]
[2018/4/10 15:09:03]
[线程：1]
    系统启动

[[[系统日志]]]
[2018/4/10 15:37:58]
[线程：1]
    系统启动

[[[系统日志]]]
[2018/4/10 15:39:42]
[线程：1]
    系统启动

[[[系统日志]]]
[2018/4/10 16:01:14]
[线程：1]
    系统启动

[[[系统日志]]]
[2018/4/10 17:34:08]
[线程：1]
    系统启动
