
[[[系统日志]]]
[2018/4/11 9:34:44]
[线程：1]
    系统启动

[[[系统日志]]]
[2018/4/11 13:31:10]
[线程：1]
    系统启动

[[[系统日志]]]
[2018/4/11 13:33:08]
[线程：1]
    系统启动

[[[接口调用]]]
[4/11/2018 1:34:02 PM]
[线程：5]
    URL：https://api.weixin.qq.com/cgi-bin/ticket/getticket?access_token=8_XjzBi1Em3bIHRUFRxgRGvP0zBrei9gBDamzvup5f7r7n-k3oYaOY4HADgKVM3HrqFo1Io1dHQVKz_6RdhA4RlqfcUqdeGMmcqintLGWMRLhKol6SRRAOzQ8DEegQCGfACAZLP&type=jsapi
    Result：
{"errcode":0,"errmsg":"ok","ticket":"kgt8ON7yVITDhtdwci0qeVa2TbCWWyLxVcpXxWEkVYHmVyZFrNe424p1jozJevD_P3fYJqx6nv1s9QHTxYaVTg","expires_in":7200}

[[[系统日志]]]
[2018/4/11 15:39:35]
[线程：1]
    系统启动

[[[系统日志]]]
[2018/4/11 15:45:18]
[线程：1]
    系统启动

[[[接口调用]]]
[4/11/2018 3:46:31 PM]
[线程：5]
    URL：https://api.weixin.qq.com/cgi-bin/ticket/getticket?access_token=8_HzQ5G13HpAngUYVKf38pspwgKeYaOKO3aA87dPRsX6OiGmchWGiCnHOU1ufQslvhvgkvwI-574u-JVgguqCIRWq_VFXgJTe2Gr5zvfaO4P6_xqPboHTur1Jxotn9VE1cH0S9StAs8_DbugXKZEXcAHANSL&type=jsapi
    Result：
{"errcode":0,"errmsg":"ok","ticket":"kgt8ON7yVITDhtdwci0qeVa2TbCWWyLxVcpXxWEkVYH-_OsrACP86gauFozJsbUzR5897IC8DOFEIBazZxeIMQ","expires_in":7200}

[[[系统日志]]]
[2018/4/11 15:55:20]
[线程：1]
    系统启动

[[[接口调用]]]
[4/11/2018 3:55:47 PM]
[线程：5]
    URL：https://api.weixin.qq.com/cgi-bin/ticket/getticket?access_token=8_6HHVDgQ4__0lmPyQGQsRmCJdriPALnWKMp2f69cUy8xSrYkGdsrudVDsrzxdaZc_iAXly-tm6KVAWqy9zAMTZ9VN_Pw4pyvFxtkJS9wawXC9kpRrrKTBluKg4itMbloLpEnVeFs7VieyIjzkSIWjAHAEUI&type=jsapi
    Result：
{"errcode":0,"errmsg":"ok","ticket":"kgt8ON7yVITDhtdwci0qeVa2TbCWWyLxVcpXxWEkVYH-_OsrACP86gauFozJsbUzR5897IC8DOFEIBazZxeIMQ","expires_in":7200}

[[[系统日志]]]
[2018/4/11 16:10:59]
[线程：1]
    系统启动

[[[系统日志]]]
[2018/4/11 16:14:01]
[线程：1]
    系统启动

[[[接口调用]]]
[4/11/2018 4:14:43 PM]
[线程：5]
    URL：https://api.weixin.qq.com/cgi-bin/ticket/getticket?access_token=8__BwzcMB8ucvVl-j1_lTigOea1X6hPiWhy8qyU7B1Siztv_COyiPFyr-dybtf0AN5B9QXvhou1HX7WCvwQg-NRXRyeNKYaHSX0Vu5krtBnIJh80C5ir_VyN3m5vLI1_POg3UTaQb4glDDv-CfHMMbABAAFF&type=jsapi
    Result：
{"errcode":0,"errmsg":"ok","ticket":"kgt8ON7yVITDhtdwci0qeVa2TbCWWyLxVcpXxWEkVYGXo6W9yEEA2Z68AGx-ulZ23E5BwIYvEw_sysIacIl1GQ","expires_in":7200}

[[[系统日志]]]
[2018/4/11 16:18:39]
[线程：1]
    系统启动

[[[接口调用]]]
[4/11/2018 4:21:27 PM]
[线程：6]
    URL：https://api.weixin.qq.com/cgi-bin/ticket/getticket?access_token=8_0P-k0jEdUlrq35HVFLb8UoLrX03w8SfmbpUtTmzjwb9J1KprD7p7aDKLa1ywwBYoh3EphucmKkd6z1_CWi5U6WxTbWuGiHQo_-41rFX9ATYX0xa2TbapTTEuopwgU2_4aWf6Pm3Yre8yRSrJPXOaADATBS&type=jsapi
    Result：
{"errcode":0,"errmsg":"ok","ticket":"kgt8ON7yVITDhtdwci0qeVa2TbCWWyLxVcpXxWEkVYGXo6W9yEEA2Z68AGx-ulZ23E5BwIYvEw_sysIacIl1GQ","expires_in":7200}

[[[系统日志]]]
[2018/4/11 16:25:47]
[线程：1]
    系统启动

[[[接口调用]]]
[4/11/2018 4:26:55 PM]
[线程：5]
    URL：https://api.weixin.qq.com/cgi-bin/ticket/getticket?access_token=8_XMT75XGJxHBkU-4ifKm2qg4cE27Lh39NugzacUfih7ADIVsP2EZiz3e4QpGHO0eGQSkNzZc_jReQdt7ckj_mTec03Mevf5s1J6HEzmXCwEr1mp_CUzhZI2i_JQBrCQEMoBwb5Ge719V-8vUAKVQdAJAWHC&type=jsapi
    Result：
{"errcode":0,"errmsg":"ok","ticket":"kgt8ON7yVITDhtdwci0qeVa2TbCWWyLxVcpXxWEkVYGXo6W9yEEA2Z68AGx-ulZ23E5BwIYvEw_sysIacIl1GQ","expires_in":7200}

[[[系统日志]]]
[2018/4/11 16:37:07]
[线程：1]
    系统启动

[[[接口调用]]]
[4/11/2018 4:37:25 PM]
[线程：5]
    URL：https://api.weixin.qq.com/cgi-bin/ticket/getticket?access_token=8_dKhi4wZulS4OxBbObYqQMC9RGFVolSVrzQkGNtA490OVgzRknhbnlKHAcseEIRs63nB9sqWDUrHbEzFEk2asp6GMwrSF-vfHYU5kI5lozJ6DeLAOOvm2-sMgoxJWW0jTa4UCYyLubFSMGOuSGALjAIAVPA&type=jsapi
    Result：
{"errcode":0,"errmsg":"ok","ticket":"kgt8ON7yVITDhtdwci0qeVa2TbCWWyLxVcpXxWEkVYGXo6W9yEEA2Z68AGx-ulZ23E5BwIYvEw_sysIacIl1GQ","expires_in":7200}

[[[系统日志]]]
[2018/4/11 16:52:21]
[线程：1]
    系统启动

[[[接口调用]]]
[4/11/2018 4:52:39 PM]
[线程：6]
    URL：https://api.weixin.qq.com/cgi-bin/ticket/getticket?access_token=8_sALp41kEh1CeviLExgRGvP0zBrei9gBDamzvumgdIbdAdStjaBT2hqvyObLdHuAQrGmsoVftjPZwNsxeZygp1x_SY60hStx_uSVnIptYPsrhrKCJUR4UwKf9_S-RjSXZ1X8DcKHGYnRitstERTPbACAIKG&type=jsapi
    Result：
{"errcode":0,"errmsg":"ok","ticket":"kgt8ON7yVITDhtdwci0qeVa2TbCWWyLxVcpXxWEkVYGXo6W9yEEA2Z68AGx-ulZ23E5BwIYvEw_sysIacIl1GQ","expires_in":7200}

[[[系统日志]]]
[2018/4/11 16:54:01]
[线程：1]
    系统启动

[[[接口调用]]]
[4/11/2018 4:54:55 PM]
[线程：5]
    URL：https://api.weixin.qq.com/cgi-bin/ticket/getticket?access_token=8_0_L_X1y-c3eVZjyPjcd0Sv-9qYxyTGp3GJo2yOz5fIvmiELMQROL8Y_Rbce_et5zYe1pxMZGtq7GyBq9X6EdK6G4g8sE3Mq08h5jfooRBEBuxh7RXQidhy_nAHtrS8gllD-LtxTAyUetOAfCETMgACARGZ&type=jsapi
    Result：
{"errcode":0,"errmsg":"ok","ticket":"kgt8ON7yVITDhtdwci0qeVa2TbCWWyLxVcpXxWEkVYGXo6W9yEEA2Z68AGx-ulZ23E5BwIYvEw_sysIacIl1GQ","expires_in":7200}

[[[系统日志]]]
[2018/4/11 17:01:25]
[线程：1]
    系统启动

[[[接口调用]]]
[4/11/2018 5:01:46 PM]
[线程：5]
    URL：https://api.weixin.qq.com/cgi-bin/ticket/getticket?access_token=8_7bNoKi4dQvsoN1RubYqQMC9RGFVolSVrzQkGNoTx5rfryW46JBI__vik8QFlktU4O4PKdp20yqrb7547UnGjKMf7CB-kfjseq75-KcPzk-TDfFe0S0p6kSYBRk2dBsXVr0Yh8eQntQMWcgexURJbAGAOLD&type=jsapi
    Result：
{"errcode":0,"errmsg":"ok","ticket":"kgt8ON7yVITDhtdwci0qeVa2TbCWWyLxVcpXxWEkVYGXo6W9yEEA2Z68AGx-ulZ23E5BwIYvEw_sysIacIl1GQ","expires_in":7200}

[[[系统日志]]]
[2018/4/11 17:09:17]
[线程：1]
    系统启动

[[[接口调用]]]
[4/11/2018 5:11:37 PM]
[线程：6]
    URL：https://api.weixin.qq.com/cgi-bin/ticket/getticket?access_token=8_hEjpZnuWYPeBJII6hz0bK3S0cycXu2vcvyTIZ_gmKAjC61-UOaT-m3FDrAxxMdah2_TItMikhI869CJhs7totLW_SVJJls9imRgZ4EskJxvG7W-bMG7kIHYhhT8LBBfAGAHXX&type=jsapi
    Result：
{"errcode":0,"errmsg":"ok","ticket":"kgt8ON7yVITDhtdwci0qeVa2TbCWWyLxVcpXxWEkVYGXo6W9yEEA2Z68AGx-ulZ23E5BwIYvEw_sysIacIl1GQ","expires_in":7200}
