
[[[系统日志]]]
[2018/4/13 9:19:43]
[线程：1]
    系统启动

[[[ErrorJsonResultException]]]
[4/13/2018 9:21:34 AM]
[线程：5]
    ErrorJsonResultException
    AccessTokenOrAppId：null
    URL：https://api.weixin.qq.com/cgi-bin/token?grant_type=client_credential&appid=&secret=
    errcode：缺少appid参数
    errmsg：appid missing hint: [9P6uhA04922974]

[[[系统日志]]]
[2018/4/13 9:22:49]
[线程：1]
    系统启动

[[[接口调用]]]
[4/13/2018 9:26:54 AM]
[线程：13]
    URL：https://api.weixin.qq.com/cgi-bin/ticket/getticket?access_token=8_8LFBJCK7VBbnxNz4JEVqexmFBWuCfdqkoHDrkQpp8Ib_l8hytFb6MfcqiNn9yRG6GlTVdPZ2PFcUB1Tz4xKXec-A3QxcnqUxtzOoql0Xr-8lwfgOX-vhDQJswkX7kZCFpm-TLYIjlnVPbIhUCSEcAFATJV&type=jsapi
    Result：
{"errcode":0,"errmsg":"ok","ticket":"kgt8ON7yVITDhtdwci0qeVa2TbCWWyLxVcpXxWEkVYF8Ej9K6AsBkOTdhhr5gYbhyKvX7ylFL8sG2ezxo4LEVg","expires_in":7200}

[[[系统日志]]]
[2018/4/13 9:29:39]
[线程：1]
    系统启动

[[[接口调用]]]
[4/13/2018 9:29:54 AM]
[线程：5]
    URL：https://api.weixin.qq.com/cgi-bin/ticket/getticket?access_token=8_HZdYU4sP3vpEg_Q7h1tMAFim1x06wrfWuubBVe66l71-SsX-p1rNYkkf5WjKcClFM-O_yC33jUPDaKNtbQsvw2rmLt557mBGAHMJbUqYRrsmp4oohHdbYMeMAzoGsytZSdpKddPQ8UMO2fXSTYHhAIACHQ&type=jsapi
    Result：
{"errcode":0,"errmsg":"ok","ticket":"kgt8ON7yVITDhtdwci0qeVa2TbCWWyLxVcpXxWEkVYF8Ej9K6AsBkOTdhhr5gYbhyKvX7ylFL8sG2ezxo4LEVg","expires_in":7200}

[[[系统日志]]]
[2018/4/13 9:56:41]
[线程：1]
    系统启动

[[[接口调用]]]
[4/13/2018 9:57:12 AM]
[线程：5]
    URL：https://api.weixin.qq.com/cgi-bin/ticket/getticket?access_token=8_3psvVSLxfh3ZDB9yzhCJOJYvHsdIxdOzB7_txcF22jiC9DaH45yJ6JVvHG-OCeq1iJ5NHZjWz5YnebeHSB7UXltsbRfHW2IepszTyd2SdmiSmgEjwDBJdIUMt-nIilOuUQfq8YBrMropa3x7CWQbAAAYSM&type=jsapi
    Result：
{"errcode":0,"errmsg":"ok","ticket":"kgt8ON7yVITDhtdwci0qeVa2TbCWWyLxVcpXxWEkVYF8Ej9K6AsBkOTdhhr5gYbhyKvX7ylFL8sG2ezxo4LEVg","expires_in":7200}

[[[系统日志]]]
[2018/4/13 10:25:03]
[线程：1]
    系统启动

[[[接口调用]]]
[4/13/2018 10:25:30 AM]
[线程：6]
    URL：https://api.weixin.qq.com/cgi-bin/ticket/getticket?access_token=8_8qUpRpCTzVsi1hUlFAzn8WCNK31jtMsagzLu6_J0VaGu4PFmQ7lm-9ciI7YStoG3QiQwS6g8CJRQjnTPY5W02gYgMHZ1iUdmRsvar9_3xv_DyLi0zSso9w57gP_sJBg8EewbVIWsZ_NEY8OwAQLhAEAIYT&type=jsapi
    Result：
{"errcode":0,"errmsg":"ok","ticket":"kgt8ON7yVITDhtdwci0qeVa2TbCWWyLxVcpXxWEkVYFte6pQbBO4-Oe1j7jUJaxJBXdgyHKPiyu7-wAnxGgNCQ","expires_in":7200}

[[[系统日志]]]
[2018/4/13 12:10:04]
[线程：1]
    系统启动

[[[接口调用]]]
[4/13/2018 12:10:46 PM]
[线程：10]
    URL：https://api.weixin.qq.com/cgi-bin/ticket/getticket?access_token=8_FCwoRt9xhXbYc9L2_KmGEXzTWHBZQ4ITsVqUSIKh-kjfkcs8OHF2P39ZFD57NmJJtJlqZT5easi7aAQPGh1gk_JEwWqaECIzXWNAPol6ma1XHECQDNP1pb65P7sDGBgABALOJ&type=jsapi
    Result：
{"errcode":0,"errmsg":"ok","ticket":"kgt8ON7yVITDhtdwci0qeVa2TbCWWyLxVcpXxWEkVYFGxtOQGYatnT9AwPkQeFaKb4kkuw8iBEVCE9_wfZ41Rg","expires_in":7200}

[[[系统日志]]]
[2018/4/13 14:53:01]
[线程：1]
    系统启动

[[[接口调用]]]
[4/13/2018 2:53:43 PM]
[线程：5]
    URL：https://api.weixin.qq.com/cgi-bin/ticket/getticket?access_token=8_swL2-0U-D4--5LvwVbulGULfkZK4Rv6jCxpmM1oigfHDHHOhLbKPTQni5cvIsDrOvYqNaAlRD2HqM4KzgaPYbudcGVwcuJArOGnBBswa155ivz8RUmNyBVnbWdMnx6mYiluDcsAbYM0aUMB8QSWaAHAACG&type=jsapi
    Result：
{"errcode":0,"errmsg":"ok","ticket":"kgt8ON7yVITDhtdwci0qeVa2TbCWWyLxVcpXxWEkVYFlaDBbc8t4eai6_MoZji2P3fEcRkw7XuaPzBZgVz5zug","expires_in":7200}

[[[系统日志]]]
[2018/4/13 17:37:17]
[线程：1]
    系统启动

[[[系统日志]]]
[2018/4/13 17:40:36]
[线程：1]
    系统启动

[[[系统日志]]]
[2018/4/13 17:45:17]
[线程：1]
    系统启动

[[[系统日志]]]
[2018/4/13 17:57:44]
[线程：1]
    系统启动

[[[系统日志]]]
[2018/4/13 18:07:20]
[线程：1]
    系统启动

[[[系统日志]]]
[2018/4/13 18:51:38]
[线程：1]
    系统启动

[[[系统日志]]]
[2018/4/13 18:58:02]
[线程：1]
    系统启动

[[[系统日志]]]
[2018/4/13 19:09:06]
[线程：1]
    系统启动

[[[系统日志]]]
[2018/4/13 19:19:58]
[线程：1]
    系统启动

[[[系统日志]]]
[2018/4/13 20:04:10]
[线程：1]
    系统启动

[[[系统日志]]]
[2018/4/13 20:09:24]
[线程：1]
    系统启动

[[[系统日志]]]
[2018/4/13 20:23:54]
[线程：1]
    系统启动

[[[系统日志]]]
[2018/4/13 20:30:54]
[线程：1]
    系统启动

[[[系统日志]]]
[2018/4/13 20:42:21]
[线程：1]
    系统启动
