
[[[系统日志]]]
[2018/4/12 9:06:23]
[线程：1]
    系统启动

[[[系统日志]]]
[2018/4/12 9:25:13]
[线程：1]
    系统启动

[[[系统日志]]]
[2018/4/12 11:42:24]
[线程：1]
    系统启动

[[[系统日志]]]
[2018/4/12 11:44:38]
[线程：1]
    系统启动

[[[系统日志]]]
[2018/4/12 14:35:24]
[线程：1]
    系统启动

[[[系统日志]]]
[2018/4/12 14:48:57]
[线程：1]
    系统启动

[[[系统日志]]]
[2018/4/12 14:53:31]
[线程：1]
    系统启动

[[[系统日志]]]
[2018/4/12 14:57:10]
[线程：1]
    系统启动

[[[ErrorJsonResultException]]]
[4/12/2018 2:58:58 PM]
[线程：5]
    ErrorJsonResultException
    AccessTokenOrAppId：null
    URL：https://api.weixin.qq.com/cgi-bin/token?grant_type=client_credential&appid=&secret=
    errcode：缺少appid参数
    errmsg：appid missing hint: [jYj7ka0338sha2]

[[[系统日志]]]
[2018/4/12 15:00:08]
[线程：1]
    系统启动

[[[系统日志]]]
[2018/4/12 15:04:08]
[线程：1]
    系统启动

[[[系统日志]]]
[2018/4/12 15:05:16]
[线程：1]
    系统启动

[[[接口调用]]]
[4/12/2018 3:09:35 PM]
[线程：6]
    URL：https://api.weixin.qq.com/cgi-bin/ticket/getticket?access_token=8_U_EmocKrOWC3b1kL0gPna7T6RgwjHuYVmCallc_qwIyzIk3XFagJ-qMUcb6e0SESykzll47xVc0NPtq7F3sp-jIY3P6zktkC5S12HdaZyJEO0RU8zOL0_cWq9KkSIJzDCZ6vy-9X2hfmPxOQZIFeACAFOL&type=jsapi
    Result：
{"errcode":0,"errmsg":"ok","ticket":"kgt8ON7yVITDhtdwci0qeVa2TbCWWyLxVcpXxWEkVYFkO-lxFnBJf3Pq-MtkraJ3HSBtVWJl_VfzeexUijRV3w","expires_in":7200}

[[[系统日志]]]
[2018/4/12 15:35:28]
[线程：1]
    系统启动

[[[系统日志]]]
[2018/4/12 15:50:58]
[线程：1]
    系统启动

[[[系统日志]]]
[2018/4/12 17:24:40]
[线程：1]
    系统启动
