
[[[系统日志]]]
[2018/4/2 13:51:07]
[线程：1]
    系统启动

[[[系统日志]]]
[2018/4/2 14:01:47]
[线程：1]
    系统启动

[[[系统日志]]]
[2018/4/2 14:06:06]
[线程：1]
    系统启动

[[[系统日志]]]
[2018/4/2 14:16:07]
[线程：1]
    系统启动

[[[系统日志]]]
[2018/4/2 14:19:00]
[线程：1]
    系统启动

[[[系统日志]]]
[2018/4/2 14:26:35]
[线程：1]
    系统启动

[[[系统日志]]]
[2018/4/2 14:28:23]
[线程：1]
    系统启动

[[[系统日志]]]
[2018/4/2 14:33:36]
[线程：1]
    系统启动

[[[ErrorJsonResultException]]]
[4/2/2018 2:34:51 PM]
[线程：5]
    ErrorJsonResultException
    AccessTokenOrAppId：null
    URL：https://api.weixin.qq.com/sns/oauth2/access_token?appid=wxdbf6bce67d3b6ab1&secret=ecb6f87a25c07f9d6775809410d2a0e3&code=&grant_type=authorization_code
    errcode：缺少oauth_code
    errmsg：missing code, hints: [ req_id: Mklvna0890th27 ]

[[[系统日志]]]
[2018/4/2 14:35:11]
[线程：1]
    系统启动

[[[系统日志]]]
[2018/4/2 14:41:29]
[线程：1]
    系统启动

[[[系统日志]]]
[2018/4/2 14:43:43]
[线程：1]
    系统启动

[[[系统日志]]]
[2018/4/2 14:44:44]
[线程：1]
    系统启动

[[[系统日志]]]
[2018/4/2 14:51:10]
[线程：1]
    系统启动

[[[系统日志]]]
[2018/4/2 14:54:31]
[线程：1]
    系统启动

[[[系统日志]]]
[2018/4/2 15:04:03]
[线程：1]
    系统启动

[[[系统日志]]]
[2018/4/2 15:52:22]
[线程：1]
    系统启动

[[[系统日志]]]
[2018/4/2 16:13:03]
[线程：1]
    系统启动

[[[系统日志]]]
[2018/4/2 16:35:15]
[线程：1]
    系统启动

[[[系统日志]]]
[2018/4/2 16:37:43]
[线程：1]
    系统启动

[[[系统日志]]]
[2018/4/2 16:48:00]
[线程：1]
    系统启动

[[[系统日志]]]
[2018/4/2 17:00:10]
[线程：1]
    系统启动

[[[系统日志]]]
[2018/4/2 17:17:01]
[线程：1]
    系统启动

[[[系统日志]]]
[2018/4/2 20:20:38]
[线程：1]
    系统启动

[[[系统日志]]]
[2018/4/2 20:38:30]
[线程：1]
    系统启动

[[[系统日志]]]
[2018/4/2 20:52:34]
[线程：1]
    系统启动

[[[系统日志]]]
[2018/4/2 21:08:53]
[线程：1]
    系统启动

[[[系统日志]]]
[2018/4/2 21:12:24]
[线程：1]
    系统启动

[[[ErrorJsonResultException]]]
[4/2/2018 9:13:07 PM]
[线程：5]
    ErrorJsonResultException
    AccessTokenOrAppId：null
    URL：https://api.weixin.qq.com/sns/oauth2/access_token?appid=wxdbf6bce67d3b6ab1&secret=ecb6f87a25c07f9d6775809410d2a0e3&code=&grant_type=authorization_code
    errcode：缺少oauth_code
    errmsg：missing code, hints: [ req_id: .e0785th56 ]
